1648307098621	geckodriver	INFO	Listening on 127.0.0.1:52437
1648307154319	geckodriver	INFO	Listening on 127.0.0.1:52523
1648307157382	mozrunner::runner	INFO	Running command: "C:\\Program Files\\Mozilla Firefox\\firefox.exe" "--marionette" "--remote-debugging-port" "52524" "-no-remote" "-profile" "C:\\Users\\Jules\\AppData\\Local\\Temp\\rust_mozprofilehJNfVd"
1648307157761	Marionette	INFO	Marionette enabled
console.warn: SearchSettings: "get: No settings file exists, new profile?" (new NotFoundError("Could not open the file at C:\\Users\\Jules\\AppData\\Local\\Temp\\rust_mozprofilehJNfVd\\search.json.mozlz4", (void 0)))
DevTools listening on ws://localhost:52524/devtools/browser/f92bda3c-e577-4d0c-b246-0dd825dc47e1
1648307160155	Marionette	INFO	Listening on port 52530
1648307160559	RemoteAgent	WARN	TLS certificate errors will be ignored for this session
1648307165386	Marionette	INFO	Stopped listening on port 52530

###!!! [Parent][PGPUParent] Error: RunMessage(msgname=PGPU::Msg_ShutdownVR) Channel closing: too late to send/recv, messages will be lost

1648484947766	geckodriver	INFO	Listening on 127.0.0.1:51628
1648484950832	mozrunner::runner	INFO	Running command: "C:\\Program Files\\Mozilla Firefox\\firefox.exe" "--marionette" "--remote-debugging-port" "51629" "-no-remote" "-profile" "C:\\Users\\Jules\\AppData\\Local\\Temp\\rust_mozprofilelcaepq"
1648484951284	Marionette	INFO	Marionette enabled
console.warn: SearchSettings: "get: No settings file exists, new profile?" (new NotFoundError("Could not open the file at C:\\Users\\Jules\\AppData\\Local\\Temp\\rust_mozprofilelcaepq\\search.json.mozlz4", (void 0)))
DevTools listening on ws://localhost:51629/devtools/browser/95b19a1b-e37d-475f-9141-6a437e00e40d
1648484953397	Marionette	INFO	Listening on port 51637
1648484953512	RemoteAgent	WARN	TLS certificate errors will be ignored for this session
1648484958244	Marionette	INFO	Stopped listening on port 51637
1651047311801	geckodriver	INFO	Listening on 127.0.0.1:50818
1651047311978	mozrunner::runner	INFO	Running command: "/Applications/Firefox.app/Contents/MacOS/firefox-bin" "--marionette" "--remote-debugging-port" "50819" "--remote-allow-hosts" "localhost" "-foreground" "-no-remote" "-profile" "/var/folders/dc/m29nnh9n3633l5mc2x3z0mkc0000gn/T/rust_mozprofilenEKei5"
1651047312474	Marionette	INFO	Marionette enabled
2022-04-27 11:15:13.258 firefox-bin[83333:31888467] Warning: Expected min height of view: (<NSButton: 0x12f7c2800>) to be less than or equal to 30 but got a height of 32.000000. This error will be logged once per view in violation.
2022-04-27 11:15:13.258 firefox-bin[83333:31888467] Warning: Expected min height of view: (<NSButton: 0x12f924800>) to be less than or equal to 30 but got a height of 32.000000. This error will be logged once per view in violation.
2022-04-27 11:15:13.259 firefox-bin[83333:31888467] Warning: Expected min height of view: (<NSButton: 0x12f92c000>) to be less than or equal to 30 but got a height of 32.000000. This error will be logged once per view in violation.
2022-04-27 11:15:13.260 firefox-bin[83333:31888467] Warning: Expected min height of view: (<NSButton: 0x12f925000>) to be less than or equal to 30 but got a height of 32.000000. This error will be logged once per view in violation.
2022-04-27 11:15:13.260 firefox-bin[83333:31888467] Warning: Expected min height of view: (<NSButton: 0x12f92bc00>) to be less than or equal to 30 but got a height of 32.000000. This error will be logged once per view in violation.
2022-04-27 11:15:13.261 firefox-bin[83333:31888467] Warning: Expected min height of view: (<NSPopoverTouchBarItemButton: 0x12f927800>) to be less than or equal to 30 but got a height of 32.000000. This error will be logged once per view in violation.
2022-04-27 11:15:13.261 firefox-bin[83333:31888467] Warning: Expected min height of view: (<NSPopoverTouchBarItemButton: 0x1276f9000>) to be less than or equal to 30 but got a height of 32.000000. This error will be logged once per view in violation.
console.warn: SearchSettings: "get: No settings file exists, new profile?" (new NotFoundError("Could not open the file at /var/folders/dc/m29nnh9n3633l5mc2x3z0mkc0000gn/T/rust_mozprofilenEKei5/search.json.mozlz4", (void 0)))
console.error: BackgroundUpdate: 
  _reasonsToNotScheduleUpdates: Failed to check for Maintenance Service Registry Key: [Exception... "Component returned failure code: 0x80004001 (NS_ERROR_NOT_IMPLEMENTED) [nsIUpdateProcessor.getServiceRegKeyExists]"  nsresult: "0x80004001 (NS_ERROR_NOT_IMPLEMENTED)"  location: "JS frame :: resource://gre/modules/BackgroundUpdate.jsm :: _reasonsToNotScheduleUpdates :: line 241"  data: no]
DevTools listening on ws://localhost:50819/devtools/browser/c3c450c0-8e1c-4985-bb7d-00b2cab7a919
1651047314789	Marionette	INFO	Listening on port 50837
Read port: 50837
1651047314894	RemoteAgent	WARN	TLS certificate errors will be ignored for this session
1651047320080	Marionette	INFO	Stopped listening on port 50837

###!!! [Parent][PImageBridgeParent] Error: RunMessage(msgname=PImageBridge::Msg_WillClose) Channel closing: too late to send/recv, messages will be lost

1651078945753	geckodriver	INFO	Listening on 127.0.0.1:58964
1661797697705	geckodriver	INFO	Listening on 127.0.0.1:63287
1661797700776	mozrunner::runner	INFO	Running command: "C:\\Program Files\\Mozilla Firefox\\firefox.exe" "--marionette" "--remote-debugging-port" "63288" "--remote-allow-hosts" "localhost" "-no-remote" "-profile" "C:\\Users\\mirce\\AppData\\Local\\Temp\\rust_mozprofileZC5xD6"
1661798000915	geckodriver	INFO	Listening on 127.0.0.1:63372
1661798003967	mozrunner::runner	INFO	Running command: "C:\\Program Files\\Mozilla Firefox\\firefox.exe" "--marionette" "--remote-debugging-port" "63373" "--remote-allow-hosts" "localhost" "-no-remote" "-profile" "C:\\Users\\mirce\\AppData\\Local\\Temp\\rust_mozprofilecbQcVs"
1661798004515	Marionette	INFO	Marionette enabled
1661798004526	Marionette	INFO	Listening on port 63382
WebDriver BiDi listening on ws://localhost:63373
Read port: 63382
1661798004821	RemoteAgent	WARN	TLS certificate errors will be ignored for this session
console.warn: SearchSettings: "get: No settings file exists, new profile?" (new NotFoundError("Could not open the file at C:\\Users\\mirce\\AppData\\Local\\Temp\\rust_mozprofilecbQcVs\\search.json.mozlz4", (void 0)))
DevTools listening on ws://localhost:63373/devtools/browser/f18c15e6-e702-49fd-a01a-fbfa6e204897
1661798019369	Marionette	INFO	Stopped listening on port 63382
!!! error running onStopped callback: TypeError: callback is not a function
1661798205601	geckodriver	INFO	Listening on 127.0.0.1:63476
1661798208657	mozrunner::runner	INFO	Running command: "C:\\Program Files\\Mozilla Firefox\\firefox.exe" "--marionette" "--remote-debugging-port" "63477" "--remote-allow-hosts" "localhost" "-no-remote" "-profile" "C:\\Users\\mirce\\AppData\\Local\\Temp\\rust_mozprofileInihPR"
1661798209220	Marionette	INFO	Marionette enabled
1661798209231	Marionette	INFO	Listening on port 63487
WebDriver BiDi listening on ws://localhost:63477
Read port: 63487
1661798209561	RemoteAgent	WARN	TLS certificate errors will be ignored for this session
console.warn: SearchSettings: "get: No settings file exists, new profile?" (new NotFoundError("Could not open the file at C:\\Users\\mirce\\AppData\\Local\\Temp\\rust_mozprofileInihPR\\search.json.mozlz4", (void 0)))
DevTools listening on ws://localhost:63477/devtools/browser/81d6837e-bfd4-49b5-b9ae-f297acd8986e
1661798225219	Marionette	INFO	Stopped listening on port 63487
[Parent 19652, IPC I/O Parent] WARNING: DuplicateHandle failed for handle 0 in TransferHandles: file /builds/worker/checkouts/gecko/ipc/chromium/src/chrome/common/ipc_channel_win.cc:723
1661799116089	geckodriver	INFO	Listening on 127.0.0.1:64047
1661799119134	mozrunner::runner	INFO	Running command: "C:\\Program Files\\Mozilla Firefox\\firefox.exe" "--marionette" "--remote-debugging-port" "64048" "--remote-allow-hosts" "localhost" "-no-remote" "-profile" "C:\\Users\\mirce\\AppData\\Local\\Temp\\rust_mozprofile9mSsOB"
1661799119680	Marionette	INFO	Marionette enabled
1661799119693	Marionette	INFO	Listening on port 64059
WebDriver BiDi listening on ws://localhost:64048
Read port: 64059
1661799119992	RemoteAgent	WARN	TLS certificate errors will be ignored for this session
console.warn: SearchSettings: "get: No settings file exists, new profile?" (new NotFoundError("Could not open the file at C:\\Users\\mirce\\AppData\\Local\\Temp\\rust_mozprofile9mSsOB\\search.json.mozlz4", (void 0)))
DevTools listening on ws://localhost:64048/devtools/browser/52098551-91d6-4b38-a9cd-83bca8f23c5c
1661799135347	Marionette	INFO	Stopped listening on port 64059
!!! error running onStopped callback: TypeError: callback is not a function
1661799138462	geckodriver	INFO	Listening on 127.0.0.1:64092
1661799141500	mozrunner::runner	INFO	Running command: "C:\\Program Files\\Mozilla Firefox\\firefox.exe" "--marionette" "--remote-debugging-port" "64093" "--remote-allow-hosts" "localhost" "-no-remote" "-profile" "C:\\Users\\mirce\\AppData\\Local\\Temp\\rust_mozprofilegBGdrU"
1661799142032	Marionette	INFO	Marionette enabled
1661799142042	Marionette	INFO	Listening on port 64103
Read port: 64103
WebDriver BiDi listening on ws://localhost:64093
1661799142201	RemoteAgent	WARN	TLS certificate errors will be ignored for this session
console.warn: SearchSettings: "get: No settings file exists, new profile?" (new NotFoundError("Could not open the file at C:\\Users\\mirce\\AppData\\Local\\Temp\\rust_mozprofilegBGdrU\\search.json.mozlz4", (void 0)))
DevTools listening on ws://localhost:64093/devtools/browser/bb1b1ee7-fa84-4966-8d28-2ff87a5fd023
1661799156589	Marionette	INFO	Stopped listening on port 64103
!!! error running onStopped callback: TypeError: callback is not a function
1661799620723	geckodriver	INFO	Listening on 127.0.0.1:64762
1661799623759	mozrunner::runner	INFO	Running command: "C:\\Program Files\\Mozilla Firefox\\firefox.exe" "--marionette" "--remote-debugging-port" "64763" "--remote-allow-hosts" "localhost" "-no-remote" "-profile" "C:\\Users\\mirce\\AppData\\Local\\Temp\\rust_mozprofileS2W4vt"
1661799624286	Marionette	INFO	Marionette enabled
1661799624296	Marionette	INFO	Listening on port 64774
WebDriver BiDi listening on ws://localhost:64763
Read port: 64774
1661799624434	RemoteAgent	WARN	TLS certificate errors will be ignored for this session
console.warn: SearchSettings: "get: No settings file exists, new profile?" (new NotFoundError("Could not open the file at C:\\Users\\mirce\\AppData\\Local\\Temp\\rust_mozprofileS2W4vt\\search.json.mozlz4", (void 0)))
DevTools listening on ws://localhost:64763/devtools/browser/d0ecfd40-3f71-405a-b5e9-8927e2de4e31
1661799639743	Marionette	INFO	Stopped listening on port 64774
!!! error running onStopped callback: TypeError: callback is not a function
1661799642726	geckodriver	INFO	Listening on 127.0.0.1:64811
1661799645786	mozrunner::runner	INFO	Running command: "C:\\Program Files\\Mozilla Firefox\\firefox.exe" "--marionette" "--remote-debugging-port" "64812" "--remote-allow-hosts" "localhost" "-no-remote" "-profile" "C:\\Users\\mirce\\AppData\\Local\\Temp\\rust_mozprofileHgl6Ia"
1661799646324	Marionette	INFO	Marionette enabled
1661799646334	Marionette	INFO	Listening on port 64822
WebDriver BiDi listening on ws://localhost:64812
Read port: 64822
1661799646476	RemoteAgent	WARN	TLS certificate errors will be ignored for this session
console.warn: SearchSettings: "get: No settings file exists, new profile?" (new NotFoundError("Could not open the file at C:\\Users\\mirce\\AppData\\Local\\Temp\\rust_mozprofileHgl6Ia\\search.json.mozlz4", (void 0)))
DevTools listening on ws://localhost:64812/devtools/browser/e12af2f8-f169-4cf6-b4d0-af9c859a1b77
1661799660420	Marionette	INFO	Stopped listening on port 64822
!!! error running onStopped callback: TypeError: callback is not a function
